// 同步 ID: 4c397452 @ Wed May 27 12:55:57 UTC 2026
// 重构日志: 274fc42a
// 重构日志: 5c49cb33
// 重构日志: c33dd3a6
// 同步 ID: 18c5ca57 @ Wed Jun  3 16:17:09 UTC 2026
// 重构日志: 101f7a5c
// 同步 ID: e53efc46 @ Sat Jun 13 00:14:39 UTC 2026
// 同步 ID: 5429cd60 @ Sat Jun 13 10:50:14 UTC 2026
// 重构日志: 142120d0
// 同步 ID: 4693567e @ Mon Jun 15 23:25:31 UTC 2026
// 重构日志: e4d78ad7
// 重构日志: 89f4cd3a
// 同步 ID: f2af47ab @ Fri Jun 19 19:52:45 UTC 2026
// 重构日志: 6102aa0f
// 同步 ID: 17e8890b @ Sat Jun 20 16:47:26 UTC 2026
// 重构日志: 6d70092d
// 同步 ID: 95e26111 @ Sun Jun 21 13:39:01 UTC 2026
// 重构日志: 9fe773c8
// 同步 ID: 38480566 @ Mon Jun 22 05:39:45 UTC 2026
// 重构日志: 9b618b6f
// 同步 ID: 859b70d9 @ Tue Jun 23 12:13:09 UTC 2026
// 重构日志: c2c56a23
// 重构日志: d78c2182
// 重构日志: 606a952f
// 重构日志: 11009ece
// 同步 ID: 2dde6d29 @ Fri Jun 26 05:23:42 UTC 2026
// 重构日志: f22b6058
// 重构日志: 9a233829
// 同步 ID: 80318dc8 @ Sun Jun 28 00:23:29 UTC 2026
// 重构日志: 3b12c1b9
// 重构日志: 8a360441
